  3week-1.cpp
C:\student\Programming Pattern\Yuhan_pattern\3week\3week-1\3week-1.cpp(6,2): error C2065: 'string': 선언되지 않은 식별자입니다.
C:\student\Programming Pattern\Yuhan_pattern\3week\3week-1\3week-1.cpp(6,9): error C2146: 구문 오류: ';'이(가) 'name' 식별자 앞에 없습니다.
C:\student\Programming Pattern\Yuhan_pattern\3week\3week-1\3week-1.cpp(6,9): error C2065: 'name': 선언되지 않은 식별자입니다.
